<?xml version="1.0" encoding="UTF-8"?>
<testsuites>
  <testsuite name="CodeIgniter Application Test Suite" tests="49" assertions="48" failures="1" errors="0" time="1.040570">
    <testsuite name="Admin_test" file="/Applications/XAMPP/xamppfiles/htdocs/kppl/application/tests/controllers/Admin_test.php" fullPackage="Admin" tests="13" assertions="14" failures="1" errors="0" time="0.313025">
      <testcase name="test_updateDataUser" class="Admin_test" file="/Applications/XAMPP/xamppfiles/htdocs/kppl/application/tests/controllers/Admin_test.php" line="19" assertions="1" time="0.021876"/>
      <testcase name="test_updateDataProduk" class="Admin_test" file="/Applications/XAMPP/xamppfiles/htdocs/kppl/application/tests/controllers/Admin_test.php" line="26" assertions="1" time="0.022761"/>
      <testcase name="test_updateTransaksi" class="Admin_test" file="/Applications/XAMPP/xamppfiles/htdocs/kppl/application/tests/controllers/Admin_test.php" line="33" assertions="1" time="0.023836"/>
      <testcase name="test_updateOrder" class="Admin_test" file="/Applications/XAMPP/xamppfiles/htdocs/kppl/application/tests/controllers/Admin_test.php" line="39" assertions="0" time="0.015593"/>
      <testcase name="test_userupdate" class="Admin_test" file="/Applications/XAMPP/xamppfiles/htdocs/kppl/application/tests/controllers/Admin_test.php" line="43" assertions="0" time="0.014474"/>
      <testcase name="test_hapusData" class="Admin_test" file="/Applications/XAMPP/xamppfiles/htdocs/kppl/application/tests/controllers/Admin_test.php" line="47" assertions="0" time="0.016227"/>
      <testcase name="test_logout" class="Admin_test" file="/Applications/XAMPP/xamppfiles/htdocs/kppl/application/tests/controllers/Admin_test.php" line="53" assertions="1" time="0.017144"/>
      <testcase name="test_Delete_admin" class="Admin_test" file="/Applications/XAMPP/xamppfiles/htdocs/kppl/application/tests/controllers/Admin_test.php" line="60" assertions="2" time="0.031921"/>
      <testcase name="test_Delete_ordermasuk" class="Admin_test" file="/Applications/XAMPP/xamppfiles/htdocs/kppl/application/tests/controllers/Admin_test.php" line="75" assertions="2" time="0.029230"/>
      <testcase name="test_Delete_userdata" class="Admin_test" file="/Applications/XAMPP/xamppfiles/htdocs/kppl/application/tests/controllers/Admin_test.php" line="91" assertions="2" time="0.028708"/>
      <testcase name="test_addAdmin_berhasil" class="Admin_test" file="/Applications/XAMPP/xamppfiles/htdocs/kppl/application/tests/controllers/Admin_test.php" line="107" assertions="2" time="0.032307"/>
      <testcase name="test_addAdmin_gagal" class="Admin_test" file="/Applications/XAMPP/xamppfiles/htdocs/kppl/application/tests/controllers/Admin_test.php" line="128" assertions="1" time="0.020969"/>
      <testcase name="test_edit_produk" class="Admin_test" file="/Applications/XAMPP/xamppfiles/htdocs/kppl/application/tests/controllers/Admin_test.php" line="142" assertions="1" time="0.037980">
        <failure type="PHPUnit_Framework_ExpectationFailedException">Admin_test::test_edit_produk
Failed asserting that '&lt;!doctype html&gt; 
&lt;html&gt; 
    &lt;head&gt; 
        &lt;meta charset="utf-8"&gt; 
        &lt;meta name="viewport" content="width=device-width, maximum-scale=1"&gt; 
        &lt;title&gt;Print-in - Dashboard&lt;/title&gt;         
        &lt;link rel="icon" href="favicon.png" type="image/png"&gt; 
        &lt;link href="http://localhost//usr/local/bin/phpunit/assets/css/bootstrap.css" rel="stylesheet" type="text/css"&gt;
        &lt;link href="http://localhost//usr/local/bin/phpunit/assets/css/style.css" rel="stylesheet" type="text/css"&gt;
        &lt;link href="http://localhost//usr/local/bin/phpunit/assets/css/linecons.css" rel="stylesheet" type="text/css"&gt;
        &lt;link href="http://localhost//usr/local/bin/phpunit/assets/css/font-awesome.css" rel="stylesheet" type="text/css"&gt;
        &lt;link href="http://localhost//usr/local/bin/phpunit/assets/css/responsive.css" rel="stylesheet" type="text/css"&gt;
        &lt;link href="http://localhost//usr/local/bin/phpunit/assets/css/animate.css" rel="stylesheet" type="text/css"&gt; 
        &lt;link href='https://fonts.googleapis.com/css?family=Lato:400,900,700,700italic,400italic,300italic,300,100italic,100,900italic' rel='stylesheet' type='text/css'&gt; 
        &lt;link href='https://fonts.googleapis.com/css?family=Dosis:400,500,700,800,600,300,200' rel='stylesheet' type='text/css'&gt; 
        &lt;!-- =======================================================
    Theme Name: Butterfly
    Theme URL: https://bootstrapmade.com/butterfly-free-bootstrap-theme/
    Author: BootstrapMade
    Author URL: https://bootstrapmade.com
======================================================= --&gt;         
        &lt;script type="text/javascript" src="js/jquery.1.8.3.min.js"&gt;&lt;/script&gt;         
        &lt;script type="text/javascript" src="js/bootstrap.js"&gt;&lt;/script&gt;         
        &lt;script type="text/javascript" src="js/jquery-scrolltofixed.js"&gt;&lt;/script&gt;         
        &lt;script type="text/javascript" src="js/jquery.easing.1.3.js"&gt;&lt;/script&gt;         
        &lt;script type="text/javascript" src="js/jquery.isotope.js"&gt;&lt;/script&gt;         
        &lt;script type="text/javascript" src="js/wow.js"&gt;&lt;/script&gt;         
        &lt;script type="text/javascript" src="js/classie.js"&gt;&lt;/script&gt;         
        &lt;script type="text/javascript"&gt;
	$(document).ready(function(e) {
        $('.res-nav_click').click(function(){
		$('ul.toggle').slideToggle(600)	
			});	
			
	$(document).ready(function() {
$(window).bind('scroll', function() {
         if ($(window).scrollTop() &gt; 0) {
             $('#header_outer').addClass('fixed');
         }
         else {
             $('#header_outer').removeClass('fixed');
         }
    });
	
	  });
	  

		    });	
function resizeText() {
	var preferredWidth = 767;
	var displayWidth = window.innerWidth;
	var percentage = displayWidth / preferredWidth;
	var fontsizetitle = 25;
	var newFontSizeTitle = Math.floor(fontsizetitle * percentage);
	$(".divclass").css("font-size", newFontSizeTitle)
}
&lt;/script&gt;         
    &lt;/head&gt;     
    &lt;body&gt; 
        &lt;!--Header_section--&gt;         
        &lt;header style="padding-top:30px"&gt; 
            &lt;div class="container"&gt; 
                &lt;div class="header_section"&gt; 
                    &lt;div class="logo"&gt;
                        &lt;a href="javascript:void(0)"&gt;
                            &lt;img src="http://127.0.0.1/printpbw/assets/img/logob.png" alt=""&gt;
                        &lt;/a&gt;
                    &lt;/div&gt;                     
                    &lt;nav class="nav" id="nav"&gt; 
                        &lt;ul&gt;
                            &lt;li&gt;
                                &lt;a href="http://localhost//usr/local/bin/phpunit/admin/dashboardadmin"&gt;Dashboard&lt;/a&gt;
                            &lt;/li&gt;
                            &lt;li&gt;
                                &lt;a href="http://localhost//usr/local/bin/phpunit/admin/logout"&gt;Log Out&lt;/a&gt;
                            &lt;/li&gt;                             
                        &lt;/ul&gt;                         
                    &lt;/nav&gt;                     
                    &lt;a class="res-nav_click animated wobble wow" href="javascript:void(0)"&gt;&lt;i class="fa-bars"&gt;&lt;/i&gt;&lt;/a&gt; 
                &lt;/div&gt;                 
            &lt;/div&gt;
            &lt;div class="container" style="padding:20px;"&gt;
                &lt;div class="row"&gt;
                    &lt;div class="col-md-12 text-center"&gt;
                        &lt;h2&gt;HISTORI ORDER&lt;/h2&gt;
                        &lt;h3&gt;&lt;/h3&gt;
                        &lt;h3&gt;&lt;/h3&gt; 
                    &lt;/div&gt;
                &lt;/div&gt;
                &lt;div class="row" style="padding:50px"&gt;
                    &lt;table class="table"&gt; 
                        &lt;thead style="text-align: center; background-color: blue"&gt;
                            &lt;td&gt;&lt;strong&gt;ID&lt;/strong&gt;&lt;/td&gt;
                            &lt;td&gt;&lt;strong&gt;Email&lt;/strong&gt;&lt;/td&gt;
                            &lt;td&gt;&lt;strong&gt;Tanggal Order&lt;/strong&gt;&lt;/td&gt;
                            &lt;td&gt;&lt;strong&gt;Ukuran Kertas&lt;/strong&gt;&lt;/td&gt;
                            &lt;td&gt;&lt;strong&gt;Warna&lt;/strong&gt;&lt;/td&gt;
                            &lt;td&gt;&lt;strong&gt;Jumlah Copy&lt;/strong&gt;&lt;/td&gt;
                            &lt;td&gt;&lt;strong&gt;Tanggal Ambil&lt;/strong&gt;&lt;/td&gt;
                            &lt;td&gt;&lt;strong&gt;Waktu&lt;/strong&gt;&lt;/td&gt;
                            &lt;td&gt;&lt;strong&gt;Pesan&lt;/strong&gt;&lt;/td&gt;
                            &lt;td&gt;&lt;strong&gt;File&lt;/strong&gt;&lt;/td&gt;
                            &lt;td&gt;&lt;strong&gt;Status&lt;/strong&gt;&lt;/td&gt;
                            &lt;td&gt;&lt;strong&gt;Action&lt;/strong&gt;&lt;/td&gt;
                        &lt;/thead&gt;                         
                        &lt;tbody&gt;
                                                        &lt;tr&gt;
                                &lt;td&gt;29&lt;/td&gt;
                                &lt;td&gt;atmosumarto1@gmail.com&lt;/td&gt;
                                &lt;td&gt;24 May 2017&lt;/td&gt;
                                &lt;td&gt;A1&lt;/td&gt;
                                &lt;td&gt;Ya&lt;/td&gt;
                                &lt;td&gt;1&lt;/td&gt;
                                &lt;td&gt;2017-05-24&lt;/td&gt;
                                &lt;td&gt;06.00&lt;/td&gt;
                                &lt;td&gt;A&lt;/td&gt;
                                &lt;td&gt;ICONIX_Process1.docx&lt;/td&gt;
                                &lt;td&gt;hatma&lt;/td&gt;
                                &lt;td&gt;&lt;a href="http://localhost//usr/local/bin/phpunit/admin/update/29"&gt;&lt;button style="background-color:yellow"&gt;Update&lt;/button&gt;&lt;/a&gt;
                                &lt;a href="http://localhost//usr/local/bin/phpunit/admin/hapus/29"&gt;&lt;button style="background-color:red"&gt;Delete&lt;/button&gt;&lt;/a&gt;
                                &lt;a href="http://127.0.0.1/printpbw/uploads/ICONIX_Process1.docx"&lt;button style="background-color:red"&gt;Download&lt;/button&gt;&lt;/a&gt;&lt;/td&gt;
                            &lt;/tr&gt;
                                                        &lt;tr&gt;
                                &lt;td&gt;31&lt;/td&gt;
                                &lt;td&gt;boy@gmail.com&lt;/td&gt;
                                &lt;td&gt;24 May 2017&lt;/td&gt;
                                &lt;td&gt;A4&lt;/td&gt;
                                &lt;td&gt;Ya&lt;/td&gt;
                                &lt;td&gt;2&lt;/td&gt;
                                &lt;td&gt;2017-05-25&lt;/td&gt;
                                &lt;td&gt;16.00&lt;/td&gt;
                                &lt;td&gt;Dijilid&lt;/td&gt;
                                &lt;td&gt;KAI_B_5215100141_TP1.pdf&lt;/td&gt;
                                &lt;td&gt;Proses&lt;/td&gt;
                                &lt;td&gt;&lt;a href="http://localhost//usr/local/bin/phpunit/admin/update/31"&gt;&lt;button style="background-color:yellow"&gt;Update&lt;/button&gt;&lt;/a&gt;
                                &lt;a href="http://localhost//usr/local/bin/phpunit/admin/hapus/31"&gt;&lt;button style="background-color:red"&gt;Delete&lt;/button&gt;&lt;/a&gt;
                                &lt;a href="http://127.0.0.1/printpbw/uploads/KAI_B_5215100141_TP1.pdf"&lt;button style="background-color:red"&gt;Download&lt;/button&gt;&lt;/a&gt;&lt;/td&gt;
                            &lt;/tr&gt;
                                                        &lt;tr&gt;
                                &lt;td&gt;32&lt;/td&gt;
                                &lt;td&gt;boy@gmail.com&lt;/td&gt;
                                &lt;td&gt;24 May 2017&lt;/td&gt;
                                &lt;td&gt;A4&lt;/td&gt;
                                &lt;td&gt;Ya&lt;/td&gt;
                                &lt;td&gt;1&lt;/td&gt;
                                &lt;td&gt;2017-05-29&lt;/td&gt;
                                &lt;td&gt;06.00&lt;/td&gt;
                                &lt;td&gt;Dijilid&lt;/td&gt;
                                &lt;td&gt;ICONIX_Process.docx&lt;/td&gt;
                                &lt;td&gt;&lt;/td&gt;
                                &lt;td&gt;&lt;a href="http://localhost//usr/local/bin/phpunit/admin/update/32"&gt;&lt;button style="background-color:yellow"&gt;Update&lt;/button&gt;&lt;/a&gt;
                                &lt;a href="http://localhost//usr/local/bin/phpunit/admin/hapus/32"&gt;&lt;button style="background-color:red"&gt;Delete&lt;/button&gt;&lt;/a&gt;
                                &lt;a href="http://127.0.0.1/printpbw/uploads/ICONIX_Process.docx"&lt;button style="background-color:red"&gt;Download&lt;/button&gt;&lt;/a&gt;&lt;/td&gt;
                            &lt;/tr&gt;
                                                    &lt;/tbody&gt;
                    &lt;/table&gt;
                &lt;/div&gt;
            &lt;/div&gt;             
        &lt;/header&gt;         
        &lt;!--Header_section--&gt;         
        &lt;!--Top_content--&gt;         
        &lt;!--Top_content--&gt;         
        &lt;!--Service--&gt;         
        &lt;!--Service--&gt;         
        &lt;!--main-section-end--&gt;         
        &lt;!--new_portfolio--&gt;         
        &lt;!-- Portfolio --&gt;         
        &lt;!--/Portfolio --&gt;         
        &lt;!--new_portfolio--&gt;         
        &lt;!--
&lt;section class="main-section paddind" id="Portfolio"&gt;
	&lt;div class="container"&gt;
    	&lt;h2&gt;Portfolio&lt;/h2&gt;
    	&lt;h6&gt;Fresh portfolio of designs that will keep you wanting more.&lt;/h6&gt;
	&lt;/div&gt;
    
    
&lt;/section&gt;   

--&gt;         
        &lt;!--main-section client-part-end--&gt;         
        &lt;!--c-logo-part-end--&gt;         
        &lt;!--main-section team-end--&gt;         
        &lt;!--twitter-feed-end--&gt;         
        &lt;script type="text/javascript"&gt;
    $(document).ready(function(e) {
        $('#header_outer').scrollToFixed();
        $('.res-nav_click').click(function(){
            $('.main-nav').slideToggle();
            return false    
            
        });
        
    });
&lt;/script&gt;         
        &lt;script&gt;
    wow = new WOW(
      {
        animateClass: 'animated',
        offset:       100
      }
    );
    wow.init();
    document.getElementById('').onclick = function() {
      var section = document.createElement('section');
      section.className = 'wow fadeInDown';
	  section.className = 'wow shake';
	  section.className = 'wow zoomIn';
	  section.className = 'wow lightSpeedIn';
      this.parentNode.insertBefore(section, this);
    };
  &lt;/script&gt;         
        &lt;script type="text/javascript"&gt;
	$(window).load(function(){
		
		$('a').bind('click',function(event){
			var $anchor = $(this);
			
			$('html, body').stop().animate({
				scrollTop: $($anchor.attr('href')).offset().top - 91
			}, 1500,'easeInOutExpo');
			/*
			if you don't want to use the easing effects:
			$('html, body').stop().animate({
				scrollTop: $($anchor.attr('href')).offset().top
			}, 1000);
			*/
			event.preventDefault();
		});
	})
&lt;/script&gt;         
        &lt;script type="text/javascript"&gt;

   
  jQuery(document).ready(function($){     
// Portfolio Isotope
	var container = $('#portfolio-wrap');	
	

	container.isotope({
		animationEngine : 'best-available',
	  	animationOptions: {
	     	duration: 200,
	     	queue: false
	   	},
		layoutMode: 'fitRows'
	});	

	$('#filters a').click(function(){
		$('#filters a').removeClass('active');
		$(this).addClass('active');
		var selector = $(this).attr('data-filter');
	  	container.isotope({ filter: selector });
        setProjects();		
	  	return false;
	});
		
		
		function splitColumns() { 
			var winWidth = $(window).width(), 
				columnNumb = 1;
			
			
			if (winWidth &gt; 1024) {
				columnNumb = 4;
			} else if (winWidth &gt; 900) {
				columnNumb = 2;
			} else if (winWidth &gt; 479) {
				columnNumb = 2;
			} else if (winWidth &lt; 479) {
				columnNumb = 1;
			}
			
			return columnNumb;
		}		
		
		function setColumns() { 
			var winWidth = $(window).width(), 
				columnNumb = splitColumns(), 
				postWidth = Math.floor(winWidth / columnNumb);
			
			container.find('.portfolio-item').each(function () { 
				$(this).css( { 
					width : postWidth + 'px' 
				});
			});
		}		
		
		function setProjects() { 
			setColumns();
			container.isotope('reLayout');
		}		
		
		container.imagesLoaded(function () { 
			setColumns();
		});
		
	
		$(window).bind('resize', function () { 
			setProjects();			
		});

});
$( window ).load(function() {
	jQuery('#all').click();
	return false;
});
&lt;/script&gt;         
        &lt;script src="contactform/contactform.js"&gt;&lt;/script&gt;         
    &lt;/body&gt;     
&lt;/html&gt;' contains "
                                &lt;td&gt;Selesai&lt;/td&gt;".

/Applications/XAMPP/xamppfiles/htdocs/kppl/application/tests/controllers/Admin_test.php:155
</failure>
      </testcase>
    </testsuite>
    <testsuite name="Login_Admin_test" file="/Applications/XAMPP/xamppfiles/htdocs/kppl/application/tests/controllers/Login_Admin_test.php" fullPackage="Login.Admin" tests="3" assertions="0" failures="0" errors="0" time="0.096820">
      <testcase name="test_submit_masuk" class="Login_Admin_test" file="/Applications/XAMPP/xamppfiles/htdocs/kppl/application/tests/controllers/Login_Admin_test.php" line="19" assertions="0" time="0.028521"/>
      <testcase name="test_submit_masuk_kosong" class="Login_Admin_test" file="/Applications/XAMPP/xamppfiles/htdocs/kppl/application/tests/controllers/Login_Admin_test.php" line="29" assertions="0" time="0.026409"/>
      <testcase name="test_submit_masuk_salah" class="Login_Admin_test" file="/Applications/XAMPP/xamppfiles/htdocs/kppl/application/tests/controllers/Login_Admin_test.php" line="40" assertions="0" time="0.041890"/>
    </testsuite>
    <testsuite name="User_test" file="/Applications/XAMPP/xamppfiles/htdocs/kppl/application/tests/controllers/User_test.php" fullPackage="User" tests="8" assertions="9" failures="0" errors="0" time="0.212622">
      <testcase name="test_login_berhasil" class="User_test" file="/Applications/XAMPP/xamppfiles/htdocs/kppl/application/tests/controllers/User_test.php" line="19" assertions="1" time="0.032248"/>
      <testcase name="test_login_masuk_salah" class="User_test" file="/Applications/XAMPP/xamppfiles/htdocs/kppl/application/tests/controllers/User_test.php" line="29" assertions="0" time="0.025475"/>
      <testcase name="test_login_emailkosong" class="User_test" file="/Applications/XAMPP/xamppfiles/htdocs/kppl/application/tests/controllers/User_test.php" line="37" assertions="1" time="0.021506"/>
      <testcase name="test_login_passwordkosong" class="User_test" file="/Applications/XAMPP/xamppfiles/htdocs/kppl/application/tests/controllers/User_test.php" line="47" assertions="1" time="0.021593"/>
      <testcase name="test_logoutuser" class="User_test" file="/Applications/XAMPP/xamppfiles/htdocs/kppl/application/tests/controllers/User_test.php" line="58" assertions="3" time="0.018835"/>
      <testcase name="test_addUser_kosong" class="User_test" file="/Applications/XAMPP/xamppfiles/htdocs/kppl/application/tests/controllers/User_test.php" line="78" assertions="1" time="0.024181"/>
      <testcase name="test_addUser_berhasil" class="User_test" file="/Applications/XAMPP/xamppfiles/htdocs/kppl/application/tests/controllers/User_test.php" line="90" assertions="2" time="0.040797"/>
      <testcase name="test_addUser_gagal" class="User_test" file="/Applications/XAMPP/xamppfiles/htdocs/kppl/application/tests/controllers/User_test.php" line="117" assertions="0" time="0.027987"/>
    </testsuite>
    <testsuite name="Welcome_test" file="/Applications/XAMPP/xamppfiles/htdocs/kppl/application/tests/controllers/Welcome_test.php" fullPackage="Welcome" tests="7" assertions="7" failures="0" errors="0" time="0.071952">
      <testcase name="test_welcome" class="Welcome_test" file="/Applications/XAMPP/xamppfiles/htdocs/kppl/application/tests/controllers/Welcome_test.php" line="19" assertions="1" time="0.010963"/>
      <testcase name="test_index" class="Welcome_test" file="/Applications/XAMPP/xamppfiles/htdocs/kppl/application/tests/controllers/Welcome_test.php" line="24" assertions="1" time="0.013921"/>
      <testcase name="test_indexlogin" class="Welcome_test" file="/Applications/XAMPP/xamppfiles/htdocs/kppl/application/tests/controllers/Welcome_test.php" line="37" assertions="1" time="0.011528"/>
      <testcase name="test_indexregister" class="Welcome_test" file="/Applications/XAMPP/xamppfiles/htdocs/kppl/application/tests/controllers/Welcome_test.php" line="43" assertions="1" time="0.012024"/>
      <testcase name="test_indexloginadmin" class="Welcome_test" file="/Applications/XAMPP/xamppfiles/htdocs/kppl/application/tests/controllers/Welcome_test.php" line="49" assertions="1" time="0.011360"/>
      <testcase name="test_method_404" class="Welcome_test" file="/Applications/XAMPP/xamppfiles/htdocs/kppl/application/tests/controllers/Welcome_test.php" line="68" assertions="1" time="0.009236"/>
      <testcase name="test_APPPATH" class="Welcome_test" file="/Applications/XAMPP/xamppfiles/htdocs/kppl/application/tests/controllers/Welcome_test.php" line="74" assertions="1" time="0.002920"/>
    </testsuite>
    <testsuite name="view_test" file="/Applications/XAMPP/xamppfiles/htdocs/kppl/application/tests/controllers/view_test.php" fullPackage="view" tests="18" assertions="18" failures="0" errors="0" time="0.346151">
      <testcase name="test_viewdashboardadmin" class="view_test" file="/Applications/XAMPP/xamppfiles/htdocs/kppl/application/tests/controllers/view_test.php" line="19" assertions="1" time="0.018119"/>
      <testcase name="test_viewdashboardadmin_nologin" class="view_test" file="/Applications/XAMPP/xamppfiles/htdocs/kppl/application/tests/controllers/view_test.php" line="26" assertions="1" time="0.016138"/>
      <testcase name="test_viewdatauser" class="view_test" file="/Applications/XAMPP/xamppfiles/htdocs/kppl/application/tests/controllers/view_test.php" line="32" assertions="1" time="0.019046"/>
      <testcase name="test_viewdatauser_nologin" class="view_test" file="/Applications/XAMPP/xamppfiles/htdocs/kppl/application/tests/controllers/view_test.php" line="39" assertions="1" time="0.017451"/>
      <testcase name="test_viewupdateorder" class="view_test" file="/Applications/XAMPP/xamppfiles/htdocs/kppl/application/tests/controllers/view_test.php" line="45" assertions="1" time="0.021986"/>
      <testcase name="test_viewupdateorder_nologin" class="view_test" file="/Applications/XAMPP/xamppfiles/htdocs/kppl/application/tests/controllers/view_test.php" line="52" assertions="1" time="0.016895"/>
      <testcase name="test_viewhistoryadmin" class="view_test" file="/Applications/XAMPP/xamppfiles/htdocs/kppl/application/tests/controllers/view_test.php" line="58" assertions="1" time="0.019162"/>
      <testcase name="test_viewhistoryadmin_nologin" class="view_test" file="/Applications/XAMPP/xamppfiles/htdocs/kppl/application/tests/controllers/view_test.php" line="65" assertions="1" time="0.016929"/>
      <testcase name="test_viewtambahadmin" class="view_test" file="/Applications/XAMPP/xamppfiles/htdocs/kppl/application/tests/controllers/view_test.php" line="74" assertions="1" time="0.017755"/>
      <testcase name="test_viewdataadmin" class="view_test" file="/Applications/XAMPP/xamppfiles/htdocs/kppl/application/tests/controllers/view_test.php" line="81" assertions="1" time="0.021336"/>
      <testcase name="test_viewdatahistory" class="view_test" file="/Applications/XAMPP/xamppfiles/htdocs/kppl/application/tests/controllers/view_test.php" line="88" assertions="1" time="0.020563"/>
      <testcase name="test_viewreaddata" class="view_test" file="/Applications/XAMPP/xamppfiles/htdocs/kppl/application/tests/controllers/view_test.php" line="95" assertions="1" time="0.022033"/>
      <testcase name="test_viewreaddata2" class="view_test" file="/Applications/XAMPP/xamppfiles/htdocs/kppl/application/tests/controllers/view_test.php" line="102" assertions="1" time="0.020452"/>
      <testcase name="test_viewshowDashboard1" class="view_test" file="/Applications/XAMPP/xamppfiles/htdocs/kppl/application/tests/controllers/view_test.php" line="109" assertions="1" time="0.019135"/>
      <testcase name="test_viewshowPrint1" class="view_test" file="/Applications/XAMPP/xamppfiles/htdocs/kppl/application/tests/controllers/view_test.php" line="116" assertions="1" time="0.019011"/>
      <testcase name="test_viewshowHistory" class="view_test" file="/Applications/XAMPP/xamppfiles/htdocs/kppl/application/tests/controllers/view_test.php" line="123" assertions="1" time="0.021613"/>
      <testcase name="test_viewshowHistory_NoSession" class="view_test" file="/Applications/XAMPP/xamppfiles/htdocs/kppl/application/tests/controllers/view_test.php" line="129" assertions="1" time="0.018602"/>
      <testcase name="test_viewreaddatalogin" class="view_test" file="/Applications/XAMPP/xamppfiles/htdocs/kppl/application/tests/controllers/view_test.php" line="134" assertions="1" time="0.019925"/>
    </testsuite>
  </testsuite>
</testsuites>
